0 info it worked if it ends with ok
1 verbose cli [
1 verbose cli   'D:\\Node\\node.exe',
1 verbose cli   'D:\\Node\\node_modules\\npm\\bin\\npm-cli.js',
1 verbose cli   'run',
1 verbose cli   'devc'
1 verbose cli ]
2 info using npm@6.10.3
3 info using node@v12.10.0
4 verbose stack Error: missing script: devc
4 verbose stack
4 verbose stack Did you mean this?
4 verbose stack     dev
4 verbose stack     at run (D:\Node\node_modules\npm\lib\run-script.js:155:19)
4 verbose stack     at D:\Node\node_modules\npm\lib\run-script.js:63:5
4 verbose stack     at D:\Node\node_modules\npm\node_modules\read-package-json\read-json.js:115:5
4 verbose stack     at D:\Node\node_modules\npm\node_modules\read-package-json\read-json.js:418:5
4 verbose stack     at checkBinReferences_ (D:\Node\node_modules\npm\node_modules\read-package-json\read-json.js:373:45)
4 verbose stack     at final (D:\Node\node_modules\npm\node_modules\read-package-json\read-json.js:416:3)
4 verbose stack     at then (D:\Node\node_modules\npm\node_modules\read-package-json\read-json.js:160:5)
4 verbose stack     at D:\Node\node_modules\npm\node_modules\read-package-json\read-json.js:280:12
4 verbose stack     at D:\Node\node_modules\npm\node_modules\graceful-fs\graceful-fs.js:90:16
4 verbose stack     at FSReqCallback.readFileAfterClose [as oncomplete] (internal/fs/read_file_context.js:61:3)
5 verbose cwd D:\apeiweiing\Web items\benben
6 verbose Windows_NT 6.1.7601
7 verbose argv "D:\\Node\\node.exe" "D:\\Node\\node_modules\\npm\\bin\\npm-cli.js" "run" "devc"
8 verbose node v12.10.0
9 verbose npm  v6.10.3
10 error missing script: devc
10 error
10 error Did you mean this?
10 error     dev
11 verbose exit [ 1, true ]
